2021-10-08 09:09:15.817 [main] WARN  org.mybatis.spring.mapper.ClassPathMapperScanner - Skipping MapperFactoryBean with name 'themeMapperCustom' and 'com.penguin.website.mapper.master.custom.ThemeMapperCustom' mapperInterface. Bean already defined with the same name!
2021-10-08 09:09:15.817 [main] WARN  org.mybatis.spring.mapper.ClassPathMapperScanner - Skipping MapperFactoryBean with name 'logMapperCustom' and 'com.penguin.website.mapper.master.custom.LogMapperCustom' mapperInterface. Bean already defined with the same name!
2021-10-08 09:09:15.817 [main] WARN  org.mybatis.spring.mapper.ClassPathMapperScanner - Skipping MapperFactoryBean with name 'optionsMapperCustom' and 'com.penguin.website.mapper.master.custom.OptionsMapperCustom' mapperInterface. Bean already defined with the same name!
2021-10-08 09:09:15.817 [main] WARN  org.mybatis.spring.mapper.ClassPathMapperScanner - Skipping MapperFactoryBean with name 'articleMapperCustom' and 'com.penguin.website.mapper.master.custom.ArticleMapperCustom' mapperInterface. Bean already defined with the same name!
2021-10-08 09:09:15.817 [main] WARN  org.mybatis.spring.mapper.ClassPathMapperScanner - Skipping MapperFactoryBean with name 'categoryMapperCustom' and 'com.penguin.website.mapper.master.custom.CategoryMapperCustom' mapperInterface. Bean already defined with the same name!
2021-10-08 09:09:15.817 [main] WARN  org.mybatis.spring.mapper.ClassPathMapperScanner - Skipping MapperFactoryBean with name 'tagMapperCustom' and 'com.penguin.website.mapper.master.custom.TagMapperCustom' mapperInterface. Bean already defined with the same name!
2021-10-08 09:09:15.818 [main] WARN  org.mybatis.spring.mapper.ClassPathMapperScanner - Skipping MapperFactoryBean with name 'departmentMapper' and 'com.penguin.website.mapper.master.custom.DepartmentMapper' mapperInterface. Bean already defined with the same name!
2021-10-08 09:09:15.818 [main] WARN  org.mybatis.spring.mapper.ClassPathMapperScanner - Skipping MapperFactoryBean with name 'userMapperCustom' and 'com.penguin.website.mapper.master.custom.UserMapperCustom' mapperInterface. Bean already defined with the same name!
2021-10-08 09:09:15.818 [main] WARN  org.mybatis.spring.mapper.ClassPathMapperScanner - Skipping MapperFactoryBean with name 'linkMapperCustom' and 'com.penguin.website.mapper.master.custom.LinkMapperCustom' mapperInterface. Bean already defined with the same name!
2021-10-08 09:09:15.818 [main] WARN  org.mybatis.spring.mapper.ClassPathMapperScanner - Skipping MapperFactoryBean with name 'articleMapper' and 'com.penguin.website.mapper.master.generator.ArticleMapper' mapperInterface. Bean already defined with the same name!
2021-10-08 09:09:15.818 [main] WARN  org.mybatis.spring.mapper.ClassPathMapperScanner - Skipping MapperFactoryBean with name 'logMapper' and 'com.penguin.website.mapper.master.generator.LogMapper' mapperInterface. Bean already defined with the same name!
2021-10-08 09:09:15.818 [main] WARN  org.mybatis.spring.mapper.ClassPathMapperScanner - Skipping MapperFactoryBean with name 'tagMapper' and 'com.penguin.website.mapper.master.generator.TagMapper' mapperInterface. Bean already defined with the same name!
2021-10-08 09:09:15.818 [main] WARN  org.mybatis.spring.mapper.ClassPathMapperScanner - Skipping MapperFactoryBean with name 'menuMapper' and 'com.penguin.website.mapper.master.generator.MenuMapper' mapperInterface. Bean already defined with the same name!
2021-10-08 09:09:15.819 [main] WARN  org.mybatis.spring.mapper.ClassPathMapperScanner - Skipping MapperFactoryBean with name 'optionsMapper' and 'com.penguin.website.mapper.master.generator.OptionsMapper' mapperInterface. Bean already defined with the same name!
2021-10-08 09:09:15.819 [main] WARN  org.mybatis.spring.mapper.ClassPathMapperScanner - Skipping MapperFactoryBean with name 'attachmentMapper' and 'com.penguin.website.mapper.master.generator.AttachmentMapper' mapperInterface. Bean already defined with the same name!
2021-10-08 09:09:15.819 [main] WARN  org.mybatis.spring.mapper.ClassPathMapperScanner - Skipping MapperFactoryBean with name 'categoryMapper' and 'com.penguin.website.mapper.master.generator.CategoryMapper' mapperInterface. Bean already defined with the same name!
2021-10-08 09:09:15.819 [main] WARN  org.mybatis.spring.mapper.ClassPathMapperScanner - Skipping MapperFactoryBean with name 'linkMapper' and 'com.penguin.website.mapper.master.generator.LinkMapper' mapperInterface. Bean already defined with the same name!
2021-10-08 09:09:15.819 [main] WARN  org.mybatis.spring.mapper.ClassPathMapperScanner - Skipping MapperFactoryBean with name 'themeMapper' and 'com.penguin.website.mapper.master.generator.ThemeMapper' mapperInterface. Bean already defined with the same name!
2021-10-08 09:09:15.819 [main] WARN  org.mybatis.spring.mapper.ClassPathMapperScanner - Skipping MapperFactoryBean with name 'userMapper' and 'com.penguin.website.mapper.master.generator.UserMapper' mapperInterface. Bean already defined with the same name!
2021-10-08 09:09:15.819 [main] WARN  org.mybatis.spring.mapper.ClassPathMapperScanner - Skipping MapperFactoryBean with name 'articleCategoryMapper' and 'com.penguin.website.mapper.master.generator.ArticleCategoryMapper' mapperInterface. Bean already defined with the same name!
2021-10-08 09:09:15.819 [main] WARN  org.mybatis.spring.mapper.ClassPathMapperScanner - Skipping MapperFactoryBean with name 'articleTagMapper' and 'com.penguin.website.mapper.master.generator.ArticleTagMapper' mapperInterface. Bean already defined with the same name!
2021-10-08 09:09:15.819 [main] WARN  org.mybatis.spring.mapper.ClassPathMapperScanner - Skipping MapperFactoryBean with name 'articleMapper1' and 'com.penguin.website.mapper.slave.ArticleMapper1' mapperInterface. Bean already defined with the same name!
2021-10-08 09:09:23.361 [main] WARN  s.d.s.w.readers.parameter.ParameterDataTypeReader - Trying to infer dataType java.lang.Long[]
2021-10-08 09:09:23.362 [main] WARN  s.d.s.w.readers.parameter.ParameterDataTypeReader - Trying to infer dataType java.lang.Long[]
2021-10-08 09:09:25.378 [main] WARN  com.zaxxer.hikari.util.DriverDataSource - Registered driver with driverClassName=com.mysql.jdbc.Driver was not found, trying direct instantiation.
